<?xml version="1.0" encoding="UTF-8"?>
<testsuite name="ab1.Ab1Test" tests="1" skipped="0" failures="0" errors="0" timestamp="2021-04-24T09:21:48" hostname="DESKTOP-OBA0F5G" time="4.387">
  <properties/>
  <testcase name="testMergeSortLarge()" classname="ab1.Ab1Test" time="4.387"/>
  <system-out><![CDATA[]]></system-out>
  <system-err><![CDATA[]]></system-err>
</testsuite>
